<?xml version="1.0" encoding="UTF-8"?>
<coverage generated="1554302109056" clover="3.2.0">
  <project timestamp="1554302109056" name="All files">
    <metrics statements="7" coveredstatements="6" conditionals="0" coveredconditionals="0" methods="2" coveredmethods="2" elements="9" coveredelements="8" complexity="0" loc="7" ncloc="7" packages="2" files="4" classes="4">
      <package name="src">
        <metrics statements="1" coveredstatements="1" conditionals="0" coveredconditionals="0" methods="1" coveredmethods="1"/>
        <file name="App.vue" path="C:\vue\vue-testing-series\src\App.vue">
          <metrics statements="1" coveredstatements="1" conditionals="0" coveredconditionals="0" methods="1" coveredmethods="1"/>
          <line num="6" count="4" type="stmt"/>
        </file>
      </package>
      <package name="src.components">
        <metrics statements="6" coveredstatements="5" conditionals="0" coveredconditionals="0" methods="1" coveredmethods="1"/>
        <file name="ContactBox.vue" path="C:\vue\vue-testing-series\src\components\ContactBox.vue">
          <metrics statements="2" coveredstatements="2" conditionals="0" coveredconditionals="0" methods="0" coveredmethods="0"/>
          <line num="6" count="8" type="stmt"/>
          <line num="11" count="2" type="stmt"/>
        </file>
        <file name="Message.vue" path="C:\vue\vue-testing-series\src\components\Message.vue">
          <metrics statements="3" coveredstatements="3" conditionals="0" coveredconditionals="0" methods="1" coveredmethods="1"/>
          <line num="8" count="42" type="stmt"/>
          <line num="18" count="2" type="stmt"/>
          <line num="19" count="2" type="stmt"/>
        </file>
        <file name="MessageList.vue" path="C:\vue\vue-testing-series\src\components\MessageList.vue">
          <metrics statements="1" coveredstatements="0" conditionals="0" coveredconditionals="0" methods="0" coveredmethods="0"/>
          <line num="9" count="0" type="stmt"/>
        </file>
      </package>
    </metrics>
  </project>
</coverage>
