{"C:\\vue\\vue-testing-series\\src\\App.vue": {"path":"C:\\vue\\vue-testing-series\\src\\App.vue","statementMap":{"0":{"start":{"line":6,"column":15},"end":{"line":6,"column":55}}},"fnMap":{"0":{"name":"(anonymous_0)","decl":{"start":{"line":6,"column":8},"end":{"line":6,"column":9}},"loc":{"start":{"line":6,"column":15},"end":{"line":6,"column":55}},"line":6}},"branchMap":{},"s":{"0":4},"f":{"0":4},"b":{},"_coverageSchema":"332fd63041d2c1bcb487cc26dd0d5f7d97098a6c","hash":"f87a6649cbd6f1d6e23a5e35d357d61fbc065f4c"}
,"C:\\vue\\vue-testing-series\\src\\components\\ContactBox.vue": {"path":"C:\\vue\\vue-testing-series\\src\\components\\ContactBox.vue","statementMap":{"0":{"start":{"line":6,"column":6},"end":{"line":6,"column":45}},"1":{"start":{"line":11,"column":6},"end":{"line":11,"column":43}}},"fnMap":{},"branchMap":{},"s":{"0":8,"1":2},"f":{},"b":{},"_coverageSchema":"332fd63041d2c1bcb487cc26dd0d5f7d97098a6c","hash":"a30cd51d1a98cc8f45ea22d3392814f5ad1bc9ae"}
,"C:\\vue\\vue-testing-series\\src\\components\\Message.vue": {"path":"C:\\vue\\vue-testing-series\\src\\components\\Message.vue","statementMap":{"0":{"start":{"line":8,"column":26},"end":{"line":8,"column":42}},"1":{"start":{"line":18,"column":6},"end":{"line":18,"column":27}},"2":{"start":{"line":19,"column":6},"end":{"line":19,"column":49}}},"fnMap":{"0":{"name":"(anonymous_0)","decl":{"start":{"line":8,"column":17},"end":{"line":8,"column":18}},"loc":{"start":{"line":8,"column":26},"end":{"line":8,"column":42}},"line":8}},"branchMap":{},"s":{"0":42,"1":2,"2":2},"f":{"0":42},"b":{},"_coverageSchema":"332fd63041d2c1bcb487cc26dd0d5f7d97098a6c","hash":"c810c52f928a71a4ea550ee3fac3041b73902672"}
,"C:\\vue\\vue-testing-series\\src\\components\\MessageList.vue": {"path":"C:\\vue\\vue-testing-series\\src\\components\\MessageList.vue","statementMap":{"0":{"start":{"line":9,"column":6},"end":{"line":9,"column":26}}},"fnMap":{},"branchMap":{},"s":{"0":0},"f":{},"b":{},"_coverageSchema":"332fd63041d2c1bcb487cc26dd0d5f7d97098a6c","hash":"4ff3793729e4760b22598c15cedcf9b729d185d7"}
}
