TN:
SF:C:\vue\vue-testing-series\src\App.vue
FN:6,(anonymous_0)
FNF:1
FNH:1
FNDA:4,(anonymous_0)
DA:6,4
LF:1
LH:1
BRF:0
BRH:0
end_of_record
TN:
SF:C:\vue\vue-testing-series\src\components\ContactBox.vue
FNF:0
FNH:0
DA:6,8
DA:11,2
LF:2
LH:2
BRF:0
BRH:0
end_of_record
TN:
SF:C:\vue\vue-testing-series\src\components\Message.vue
FN:8,(anonymous_0)
FNF:1
FNH:1
FNDA:42,(anonymous_0)
DA:8,42
DA:18,2
DA:19,2
LF:3
LH:3
BRF:0
BRH:0
end_of_record
TN:
SF:C:\vue\vue-testing-series\src\components\MessageList.vue
FNF:0
FNH:0
DA:9,0
LF:1
LH:0
BRF:0
BRH:0
end_of_record
